<?xml version="1.0" encoding="UTF-8"?>
<testng-results skipped="0" failed="0" total="2" passed="2">
  <reporter-output>
    <line>
      <![CDATA[selenium]]>
    </line>
    <line>
      <![CDATA[testng]]>
    </line>
  </reporter-output>
  <suite name="Default Suite" duration-ms="38339" started-at="2019-02-17T08:52:29Z" finished-at="2019-02-17T08:53:07Z">
    <groups>
    </groups>
    <test name="SeleniumTest" duration-ms="38339" started-at="2019-02-17T08:52:29Z" finished-at="2019-02-17T08:53:07Z">
      <class name="ClickBanner">
        <test-method status="PASS" signature="setUp()[pri:0, instance:ClickBanner@5e025e70]" name="setUp" is-config="true" duration-ms="8384" started-at="2019-02-17T16:52:29Z" finished-at="2019-02-17T16:52:37Z">
          <reporter-output>
          </reporter-output>
        </test-method> <!-- setUp -->
        <test-method status="PASS" signature="test3(java.lang.String)[pri:0, instance:ClickBanner@5e025e70]" name="test3" duration-ms="4810" started-at="2019-02-17T16:52:37Z" data-provider="getData" finished-at="2019-02-17T16:52:42Z">
          <params>
            <param index="0">
              <value>
                <![CDATA[selenium]]>
              </value>
            </param>
          </params>
          <reporter-output>
            <line>
              <![CDATA[selenium]]>
            </line>
          </reporter-output>
        </test-method> <!-- test3 -->
        <test-method status="PASS" signature="setUp()[pri:0, instance:ClickBanner@5e025e70]" name="setUp" is-config="true" duration-ms="11176" started-at="2019-02-17T16:52:42Z" finished-at="2019-02-17T16:52:53Z">
          <reporter-output>
          </reporter-output>
        </test-method> <!-- setUp -->
        <test-method status="PASS" signature="test3(java.lang.String)[pri:0, instance:ClickBanner@5e025e70]" name="test3" duration-ms="13195" started-at="2019-02-17T16:52:53Z" data-provider="getData" finished-at="2019-02-17T16:53:06Z">
          <params>
            <param index="0">
              <value>
                <![CDATA[testng]]>
              </value>
            </param>
          </params>
          <reporter-output>
            <line>
              <![CDATA[testng]]>
            </line>
          </reporter-output>
        </test-method> <!-- test3 -->
        <test-method status="PASS" signature="tearDown()[pri:0, instance:ClickBanner@5e025e70]" name="tearDown" is-config="true" duration-ms="724" started-at="2019-02-17T16:53:06Z" finished-at="2019-02-17T16:53:07Z">
          <reporter-output>
          </reporter-output>
        </test-method> <!-- tearDown -->
      </class> <!-- ClickBanner -->
    </test> <!-- SeleniumTest -->
  </suite> <!-- Default Suite -->
</testng-results>
